<?xml version="1.0" encoding="UTF-8"?>
<!-- Generated by org.testng.reporters.JUnitXMLReporter -->
<testsuite ignored="0" hostname="LAPTOP-98P9HPPJ" failures="0" tests="2" name="Default test" time="13.446" errors="0" timestamp="22 Apr 2022 14:16:38 GMT">
  <testcase classname="com.hashapi.testCases.GetEncodedPassword" name="getEncodedpassword" time="7.219"/>
  <testcase classname="com.hashapi.testCases.GetEncodedPassword" name="getEncodedpassword_matchesBase64" time="6.051"/>
</testsuite> <!-- Default test -->
