<?xml version="1.0" encoding="UTF-8"?>
<testng-results ignored="0" total="2" passed="2" failed="0" skipped="0">
  <reporter-output>
  </reporter-output>
  <suite started-at="2022-04-22T14:16:24Z" name="Default suite" finished-at="2022-04-22T14:16:38Z" duration-ms="13446">
    <groups>
    </groups>
    <test started-at="2022-04-22T14:16:24Z" name="Default test" finished-at="2022-04-22T14:16:38Z" duration-ms="13446">
      <class name="com.hashapi.testCases.GetEncodedPassword">
        <test-method is-config="true" signature="setup()[pri:0, instance:com.hashapi.testCases.GetEncodedPassword@4196c360]" started-at="2022-04-22T14:16:24Z" name="setup" finished-at="2022-04-22T14:16:25Z" duration-ms="154" status="PASS">
          <reporter-output>
          </reporter-output>
        </test-method> <!-- setup -->
        <test-method signature="getEncodedpassword()[pri:0, instance:com.hashapi.testCases.GetEncodedPassword@4196c360]" started-at="2022-04-22T14:16:25Z" name="getEncodedpassword" finished-at="2022-04-22T14:16:32Z" duration-ms="7219" status="PASS">
          <reporter-output>
          </reporter-output>
        </test-method> <!-- getEncodedpassword -->
        <test-method signature="getEncodedpassword_matchesBase64()[pri:0, instance:com.hashapi.testCases.GetEncodedPassword@4196c360]" started-at="2022-04-22T14:16:32Z" name="getEncodedpassword_matchesBase64" finished-at="2022-04-22T14:16:38Z" duration-ms="6051" status="PASS">
          <reporter-output>
          </reporter-output>
        </test-method> <!-- getEncodedpassword_matchesBase64 -->
        <test-method is-config="true" signature="tearDown()[pri:0, instance:com.hashapi.testCases.GetEncodedPassword@4196c360]" started-at="2022-04-22T14:16:38Z" name="tearDown" finished-at="2022-04-22T14:16:38Z" duration-ms="1" status="PASS">
          <reporter-output>
          </reporter-output>
        </test-method> <!-- tearDown -->
      </class> <!-- com.hashapi.testCases.GetEncodedPassword -->
    </test> <!-- Default test -->
  </suite> <!-- Default suite -->
</testng-results>
